usecase/build/intermediates/manifest_merge_blame_file/release/manifest-merger-blame-release-report.txt
1<?xml version="1.0" encoding="utf-8"?>
2<manifest xmlns:android="http://schemas.android.com/apk/res/android"
3    package="com.example.usecase"
4    android:versionCode="1"
5    android:versionName="1.0" >
6
7    <uses-sdk
8        android:minSdkVersion="24"
8-->src/main/AndroidManifest.xml
9        android:targetSdkVersion="34" />
9-->src/main/AndroidManifest.xml
10    <!-- Always include this permission -->
11    <uses-permission android:name="android.permission.ACCESS_COARSE_LOCATION" /> <!-- Include only if your app benefits from precise location access. -->
11-->src/main/AndroidManifest.xml:5:5-81
11-->src/main/AndroidManifest.xml:5:22-78
12    <uses-permission android:name="android.permission.ACCESS_FINE_LOCATION" />
12-->src/main/AndroidManifest.xml:6:5-79
12-->src/main/AndroidManifest.xml:6:22-76
13    <uses-permission android:name="android.permission.INTERNET" />
13-->src/main/AndroidManifest.xml:7:5-67
13-->src/main/AndroidManifest.xml:7:22-64
14
15    <uses-feature
15-->[com.tomtom.sdk.maps:map-display:0.45.2] AndroidManifest.xml:23:5-25:35
16        android:glEsVersion="0x00030000"
16-->[com.tomtom.sdk.maps:map-display:0.45.2] AndroidManifest.xml:24:9-41
17        android:required="true" />
17-->[com.tomtom.sdk.maps:map-display:0.45.2] AndroidManifest.xml:25:9-32
18
19    <uses-permission android:name="android.permission.ACCESS_NETWORK_STATE" />
19-->[com.tomtom.sdk.common:http-framework-binding-internal-android:0.45.2] AndroidManifest.xml:18:5-79
19-->[com.tomtom.sdk.common:http-framework-binding-internal-android:0.45.2] AndroidManifest.xml:18:22-76
20    <uses-permission android:name="android.permission.ACCESS_WIFI_STATE" />
20-->[com.tomtom.sdk.location:provider-android:0.45.2] AndroidManifest.xml:20:5-76
20-->[com.tomtom.sdk.location:provider-android:0.45.2] AndroidManifest.xml:20:22-73
21
22    <queries>
22-->[com.tomtom.sdk:tts-engine-android:0.45.2] AndroidManifest.xml:17:5-21:15
23        <intent>
23-->[com.tomtom.sdk:tts-engine-android:0.45.2] AndroidManifest.xml:18:9-20:18
24            <action android:name="android.intent.action.TTS_SERVICE" />
24-->[com.tomtom.sdk:tts-engine-android:0.45.2] AndroidManifest.xml:19:13-72
24-->[com.tomtom.sdk:tts-engine-android:0.45.2] AndroidManifest.xml:19:21-69
25        </intent>
26    </queries>
27
28    <uses-permission android:name="android.permission.FOREGROUND_SERVICE" />
28-->[com.tomtom.sdk.navigation:service:0.45.2] AndroidManifest.xml:17:5-77
28-->[com.tomtom.sdk.navigation:service:0.45.2] AndroidManifest.xml:17:22-74
29    <uses-permission android:name="android.permission.POST_NOTIFICATIONS" />
29-->[com.tomtom.sdk.navigation:service:0.45.2] AndroidManifest.xml:18:5-77
29-->[com.tomtom.sdk.navigation:service:0.45.2] AndroidManifest.xml:18:22-74
30    <uses-permission android:name="android.permission.REORDER_TASKS" />
30-->[androidx.fragment:fragment-testing-manifest:1.6.2] AndroidManifest.xml:23:5-72
30-->[androidx.fragment:fragment-testing-manifest:1.6.2] AndroidManifest.xml:23:22-69
31
32    <permission
32-->[androidx.core:core:1.10.1] AndroidManifest.xml:22:5-24:47
33        android:name="com.example.usecase.DYNAMIC_RECEIVER_NOT_EXPORTED_PERMISSION"
33-->[androidx.core:core:1.10.1] AndroidManifest.xml:23:9-81
34        android:protectionLevel="signature" />
34-->[androidx.core:core:1.10.1] AndroidManifest.xml:24:9-44
35
36    <uses-permission android:name="com.example.usecase.DYNAMIC_RECEIVER_NOT_EXPORTED_PERMISSION" />
36-->[androidx.core:core:1.10.1] AndroidManifest.xml:26:5-97
36-->[androidx.core:core:1.10.1] AndroidManifest.xml:26:22-94
37
38    <application
38-->src/main/AndroidManifest.xml:9:5-29:19
39        android:appComponentFactory="androidx.core.app.CoreComponentFactory"
39-->[androidx.core:core:1.10.1] AndroidManifest.xml:28:18-86
40        android:extractNativeLibs="false"
41        android:label="Navigation App"
41-->src/main/AndroidManifest.xml:10:9-39
42        android:theme="@style/Theme.App" >
42-->src/main/AndroidManifest.xml:11:9-41
43        <activity
43-->src/main/AndroidManifest.xml:14:9-17:20
44            android:name="com.example.usecase.MainActivity"
44-->src/main/AndroidManifest.xml:15:13-41
45            android:exported="false" >
45-->src/main/AndroidManifest.xml:16:13-37
46        </activity>
47        <activity
47-->src/main/AndroidManifest.xml:18:9-28:20
48            android:name="com.example.usecase.SplashActivity"
48-->src/main/AndroidManifest.xml:19:13-43
49            android:exported="true"
49-->src/main/AndroidManifest.xml:22:13-36
50            android:theme="@style/SplashTheme" >
50-->src/main/AndroidManifest.xml:20:13-47
51            <intent-filter>
51-->src/main/AndroidManifest.xml:23:13-27:29
52                <action android:name="android.intent.action.MAIN" />
52-->src/main/AndroidManifest.xml:24:17-69
52-->src/main/AndroidManifest.xml:24:25-66
53
54                <category android:name="android.intent.category.LAUNCHER" />
54-->src/main/AndroidManifest.xml:26:17-77
54-->src/main/AndroidManifest.xml:26:27-74
55            </intent-filter>
56        </activity>
57
58        <service
58-->[com.tomtom.sdk.navigation:service:0.45.2] AndroidManifest.xml:21:9-23:56
59            android:name="com.tomtom.sdk.navigation.service.TomTomNavigationService"
59-->[com.tomtom.sdk.navigation:service:0.45.2] AndroidManifest.xml:22:13-85
60            android:foregroundServiceType="location" /> <!-- can be removed after https://jira.tomtomgroup.com/browse/NAV-73104 -->
60-->[com.tomtom.sdk.navigation:service:0.45.2] AndroidManifest.xml:23:13-53
61        <service
61-->[com.tomtom.sdk.navigation:navigation-android:0.45.2] AndroidManifest.xml:22:9-24:39
62            android:name="com.tomtom.positioning.player.Player"
62-->[com.tomtom.sdk.navigation:navigation-android:0.45.2] AndroidManifest.xml:23:13-64
63            android:exported="true" />
63-->[com.tomtom.sdk.navigation:navigation-android:0.45.2] AndroidManifest.xml:24:13-36
64
65        <activity
65-->[com.google.android.gms:play-services-base:18.1.0] AndroidManifest.xml:20:9-22:45
66            android:name="com.google.android.gms.common.api.GoogleApiActivity"
66-->[com.google.android.gms:play-services-base:18.1.0] AndroidManifest.xml:20:19-85
67            android:exported="false"
67-->[com.google.android.gms:play-services-base:18.1.0] AndroidManifest.xml:22:19-43
68            android:theme="@android:style/Theme.Translucent.NoTitleBar" />
68-->[com.google.android.gms:play-services-base:18.1.0] AndroidManifest.xml:21:19-78
69
70        <meta-data
70-->[com.google.android.gms:play-services-basement:18.1.0] AndroidManifest.xml:21:9-23:69
71            android:name="com.google.android.gms.version"
71-->[com.google.android.gms:play-services-basement:18.1.0] AndroidManifest.xml:22:13-58
72            android:value="@integer/google_play_services_version" />
72-->[com.google.android.gms:play-services-basement:18.1.0] AndroidManifest.xml:23:13-66
73
74        <activity
74-->[androidx.fragment:fragment-testing-manifest:1.6.2] AndroidManifest.xml:26:9-35:20
75            android:name="androidx.fragment.app.testing.EmptyFragmentActivity"
75-->[androidx.fragment:fragment-testing-manifest:1.6.2] AndroidManifest.xml:27:13-79
76            android:exported="true"
76-->[androidx.fragment:fragment-testing-manifest:1.6.2] AndroidManifest.xml:28:13-36
77            android:multiprocess="true"
77-->[androidx.fragment:fragment-testing-manifest:1.6.2] AndroidManifest.xml:29:13-40
78            android:taskAffinity=""
78-->[androidx.fragment:fragment-testing-manifest:1.6.2] AndroidManifest.xml:30:13-36
79            android:theme="@style/FragmentScenarioEmptyFragmentActivityTheme" >
79-->[androidx.fragment:fragment-testing-manifest:1.6.2] AndroidManifest.xml:31:13-78
80            <intent-filter>
80-->[androidx.fragment:fragment-testing-manifest:1.6.2] AndroidManifest.xml:32:13-34:29
81                <action android:name="android.intent.action.MAIN" />
81-->src/main/AndroidManifest.xml:24:17-69
81-->src/main/AndroidManifest.xml:24:25-66
82            </intent-filter>
83        </activity>
84
85        <provider
85-->[androidx.emoji2:emoji2:1.2.0] AndroidManifest.xml:24:9-32:20
86            android:name="androidx.startup.InitializationProvider"
86-->[androidx.emoji2:emoji2:1.2.0] AndroidManifest.xml:25:13-67
87            android:authorities="com.example.usecase.androidx-startup"
87-->[androidx.emoji2:emoji2:1.2.0] AndroidManifest.xml:26:13-68
88            android:exported="false" >
88-->[androidx.emoji2:emoji2:1.2.0] AndroidManifest.xml:27:13-37
89            <meta-data
89-->[androidx.emoji2:emoji2:1.2.0] AndroidManifest.xml:29:13-31:52
90                android:name="androidx.emoji2.text.EmojiCompatInitializer"
90-->[androidx.emoji2:emoji2:1.2.0] AndroidManifest.xml:30:17-75
91                android:value="androidx.startup" />
91-->[androidx.emoji2:emoji2:1.2.0] AndroidManifest.xml:31:17-49
92            <meta-data
92-->[androidx.lifecycle:lifecycle-process:2.6.2] AndroidManifest.xml:29:13-31:52
93                android:name="androidx.lifecycle.ProcessLifecycleInitializer"
93-->[androidx.lifecycle:lifecycle-process:2.6.2] AndroidManifest.xml:30:17-78
94                android:value="androidx.startup" />
94-->[androidx.lifecycle:lifecycle-process:2.6.2] AndroidManifest.xml:31:17-49
95            <meta-data
95-->[androidx.profileinstaller:profileinstaller:1.3.0] AndroidManifest.xml:29:13-31:52
96                android:name="androidx.profileinstaller.ProfileInstallerInitializer"
96-->[androidx.profileinstaller:profileinstaller:1.3.0] AndroidManifest.xml:30:17-85
97                android:value="androidx.startup" />
97-->[androidx.profileinstaller:profileinstaller:1.3.0] AndroidManifest.xml:31:17-49
98        </provider>
99
100        <activity
100-->[androidx.test:core:1.5.0] AndroidManifest.xml:27:9-34:20
101            android:name="androidx.test.core.app.InstrumentationActivityInvoker$BootstrapActivity"
101-->[androidx.test:core:1.5.0] AndroidManifest.xml:28:13-99
102            android:exported="true"
102-->[androidx.test:core:1.5.0] AndroidManifest.xml:29:13-36
103            android:theme="@style/WhiteBackgroundTheme" >
103-->[androidx.test:core:1.5.0] AndroidManifest.xml:30:13-56
104            <intent-filter android:priority="-100" >
104-->[androidx.test:core:1.5.0] AndroidManifest.xml:31:13-33:29
104-->[androidx.test:core:1.5.0] AndroidManifest.xml:31:28-51
105                <category android:name="android.intent.category.LAUNCHER" />
105-->src/main/AndroidManifest.xml:26:17-77
105-->src/main/AndroidManifest.xml:26:27-74
106            </intent-filter>
107        </activity>
108        <activity
108-->[androidx.test:core:1.5.0] AndroidManifest.xml:35:9-42:20
109            android:name="androidx.test.core.app.InstrumentationActivityInvoker$EmptyActivity"
109-->[androidx.test:core:1.5.0] AndroidManifest.xml:36:13-95
110            android:exported="true"
110-->[androidx.test:core:1.5.0] AndroidManifest.xml:37:13-36
111            android:theme="@style/WhiteBackgroundTheme" >
111-->[androidx.test:core:1.5.0] AndroidManifest.xml:38:13-56
112            <intent-filter android:priority="-100" >
112-->[androidx.test:core:1.5.0] AndroidManifest.xml:31:13-33:29
112-->[androidx.test:core:1.5.0] AndroidManifest.xml:31:28-51
113                <category android:name="android.intent.category.LAUNCHER" />
113-->src/main/AndroidManifest.xml:26:17-77
113-->src/main/AndroidManifest.xml:26:27-74
114            </intent-filter>
115        </activity>
116        <activity
116-->[androidx.test:core:1.5.0] AndroidManifest.xml:43:9-50:20
117            android:name="androidx.test.core.app.InstrumentationActivityInvoker$EmptyFloatingActivity"
117-->[androidx.test:core:1.5.0] AndroidManifest.xml:44:13-103
118            android:exported="true"
118-->[androidx.test:core:1.5.0] AndroidManifest.xml:45:13-36
119            android:theme="@style/WhiteBackgroundDialogTheme" >
119-->[androidx.test:core:1.5.0] AndroidManifest.xml:46:13-62
120            <intent-filter android:priority="-100" >
120-->[androidx.test:core:1.5.0] AndroidManifest.xml:31:13-33:29
120-->[androidx.test:core:1.5.0] AndroidManifest.xml:31:28-51
121                <category android:name="android.intent.category.LAUNCHER" />
121-->src/main/AndroidManifest.xml:26:17-77
121-->src/main/AndroidManifest.xml:26:27-74
122            </intent-filter>
123        </activity>
124
125        <receiver
125-->[androidx.profileinstaller:profileinstaller:1.3.0] AndroidManifest.xml:34:9-52:20
126            android:name="androidx.profileinstaller.ProfileInstallReceiver"
126-->[androidx.profileinstaller:profileinstaller:1.3.0] AndroidManifest.xml:35:13-76
127            android:directBootAware="false"
127-->[androidx.profileinstaller:profileinstaller:1.3.0] AndroidManifest.xml:36:13-44
128            android:enabled="true"
128-->[androidx.profileinstaller:profileinstaller:1.3.0] AndroidManifest.xml:37:13-35
129            android:exported="true"
129-->[androidx.profileinstaller:profileinstaller:1.3.0] AndroidManifest.xml:38:13-36
130            android:permission="android.permission.DUMP" >
130-->[androidx.profileinstaller:profileinstaller:1.3.0] AndroidManifest.xml:39:13-57
131            <intent-filter>
131-->[androidx.profileinstaller:profileinstaller:1.3.0] AndroidManifest.xml:40:13-42:29
132                <action android:name="androidx.profileinstaller.action.INSTALL_PROFILE" />
132-->[androidx.profileinstaller:profileinstaller:1.3.0] AndroidManifest.xml:41:17-91
132-->[androidx.profileinstaller:profileinstaller:1.3.0] AndroidManifest.xml:41:25-88
133            </intent-filter>
134            <intent-filter>
134-->[androidx.profileinstaller:profileinstaller:1.3.0] AndroidManifest.xml:43:13-45:29
135                <action android:name="androidx.profileinstaller.action.SKIP_FILE" />
135-->[androidx.profileinstaller:profileinstaller:1.3.0] AndroidManifest.xml:44:17-85
135-->[androidx.profileinstaller:profileinstaller:1.3.0] AndroidManifest.xml:44:25-82
136            </intent-filter>
137            <intent-filter>
137-->[androidx.profileinstaller:profileinstaller:1.3.0] AndroidManifest.xml:46:13-48:29
138                <action android:name="androidx.profileinstaller.action.SAVE_PROFILE" />
138-->[androidx.profileinstaller:profileinstaller:1.3.0] AndroidManifest.xml:47:17-88
138-->[androidx.profileinstaller:profileinstaller:1.3.0] AndroidManifest.xml:47:25-85
139            </intent-filter>
140            <intent-filter>
140-->[androidx.profileinstaller:profileinstaller:1.3.0] AndroidManifest.xml:49:13-51:29
141                <action android:name="androidx.profileinstaller.action.BENCHMARK_OPERATION" />
141-->[androidx.profileinstaller:profileinstaller:1.3.0] AndroidManifest.xml:50:17-95
141-->[androidx.profileinstaller:profileinstaller:1.3.0] AndroidManifest.xml:50:25-92
142            </intent-filter>
143        </receiver>
144    </application>
145
146</manifest>